# JRE version: Java(TM) SE Runtime Environment (8.0_381) (build 1.8.0_381-b09)
# Java VM: Java HotSpot(TM) 64-Bit Server VM (25.381-b09 mixed mode windows-amd64 compressed oops)
Heap:
 PSYoungGen      total 326656K, used 288352K [0x000000076b000000, 0x0000000784600000, 0x00000007c0000000)
  eden space 251904K, 100% used [0x000000076b000000,0x000000077a600000,0x000000077a600000)
  from space 74752K, 48% used [0x000000077fd00000,0x0000000782098010,0x0000000784600000)
  to   space 81920K, 45% used [0x000000077a600000,0x000000077ca88010,0x000000077f600000)
 ParOldGen       total 479744K, used 268989K [0x00000006c1000000, 0x00000006de480000, 0x000000076b000000)
  object space 479744K, 56% used [0x00000006c1000000,0x00000006d16af5c8,0x00000006de480000)
 Metaspace       used 25662K, capacity 25866K, committed 26368K, reserved 1073152K
  class space    used 3140K, capacity 3209K, committed 3328K, reserved 1048576K
GC Heap History (10 events):
Event: 6688.138 GC heap after
Heap after GC invocations=496 (full 40):
 PSYoungGen      total 357376K, used 60665K [0x000000076b000000, 0x0000000786800000, 0x00000007c0000000)
  eden space 275456K, 0% used [0x000000076b000000,0x000000076b000000,0x000000077bd00000)
  from space 81920K, 74% used [0x0000000781800000,0x000000078533e520,0x0000000786800000)
  to   space 87552K, 0% used [0x000000077bd00000,0x000000077bd00000,0x0000000781280000)
 ParOldGen       total 479744K, used 144533K [0x00000006c1000000, 0x00000006de480000, 0x000000076b000000)
  object space 479744K, 30% used [0x00000006c1000000,0x00000006c9d255b8,0x00000006de480000)
 Metaspace       used 25661K, capacity 25866K, committed 26368K, reserved 1073152K
  class space    used 3140K, capacity 3209K, committed 3328K, reserved 1048576K
}
Event: 6713.729 GC heap before
{Heap before GC invocations=497 (full 40):
 PSYoungGen      total 357376K, used 336121K [0x000000076b000000, 0x0000000786800000, 0x00000007c0000000)
  eden space 275456K, 100% used [0x000000076b000000,0x000000077bd00000,0x000000077bd00000)
  from space 81920K, 74% used [0x0000000781800000,0x000000078533e520,0x0000000786800000)
  to   space 87552K, 0% used [0x000000077bd00000,0x000000077bd00000,0x0000000781280000)
 ParOldGen       total 479744K, used 144533K [0x00000006c1000000, 0x00000006de480000, 0x000000076b000000)
  object space 479744K, 30% used [0x00000006c1000000,0x00000006c9d255b8,0x00000006de480000)
 Metaspace       used 25661K, capacity 25866K, committed 26368K, reserved 1073152K
  class space    used 3140K, capacity 3209K, committed 3328K, reserved 1048576K
Event: 6713.764 GC heap after
Heap after GC invocations=497 (full 40):
 PSYoungGen      total 315392K, used 45664K [0x000000076b000000, 0x0000000785c00000, 0x00000007c0000000)
  eden space 269312K, 0% used [0x000000076b000000,0x000000076b000000,0x000000077b700000)
  from space 46080K, 99% used [0x000000077bd00000,0x000000077e998010,0x000000077ea00000)
  to   space 84480K, 0% used [0x0000000780980000,0x0000000780980000,0x0000000785c00000)
 ParOldGen       total 479744K, used 162653K [0x00000006c1000000, 0x00000006de480000, 0x000000076b000000)
  object space 479744K, 33% used [0x00000006c1000000,0x00000006caed75b8,0x00000006de480000)
 Metaspace       used 25661K, capacity 25866K, committed 26368K, reserved 1073152K
  class space    used 3140K, capacity 3209K, committed 3328K, reserved 1048576K
}
Event: 6725.602 GC heap before
{Heap before GC invocations=498 (full 40):
 PSYoungGen      total 315392K, used 314976K [0x000000076b000000, 0x0000000785c00000, 0x00000007c0000000)
  eden space 269312K, 100% used [0x000000076b000000,0x000000077b700000,0x000000077b700000)
  from space 46080K, 99% used [0x000000077bd00000,0x000000077e998010,0x000000077ea00000)
  to   space 84480K, 0% used [0x0000000780980000,0x0000000780980000,0x0000000785c00000)
 ParOldGen       total 479744K, used 162653K [0x00000006c1000000, 0x00000006de480000, 0x000000076b000000)
  object space 479744K, 33% used [0x00000006c1000000,0x00000006caed75b8,0x00000006de480000)
 Metaspace       used 25662K, capacity 25866K, committed 26368K, reserved 1073152K
  class space    used 3140K, capacity 3209K, committed 3328K, reserved 1048576K
Event: 6725.632 GC heap after
Heap after GC invocations=498 (full 40):
 PSYoungGen      total 340480K, used 29984K [0x000000076b000000, 0x0000000785500000, 0x00000007c0000000)
  eden space 263168K, 0% used [0x000000076b000000,0x000000076b000000,0x000000077b100000)
  from space 77312K, 38% used [0x0000000780980000,0x00000007826c8010,0x0000000785500000)
  to   space 83968K, 0% used [0x000000077b100000,0x000000077b100000,0x0000000780300000)
 ParOldGen       total 479744K, used 193933K [0x00000006c1000000, 0x00000006de480000, 0x000000076b000000)
  object space 479744K, 40% used [0x00000006c1000000,0x00000006ccd635b8,0x00000006de480000)
 Metaspace       used 25662K, capacity 25866K, committed 26368K, reserved 1073152K
  class space    used 3140K, capacity 3209K, committed 3328K, reserved 1048576K
}
Event: 6729.693 GC heap before
{Heap before GC invocations=499 (full 40):
 PSYoungGen      total 340480K, used 293152K [0x000000076b000000, 0x0000000785500000, 0x00000007c0000000)
  eden space 263168K, 100% used [0x000000076b000000,0x000000077b100000,0x000000077b100000)
  from space 77312K, 38% used [0x0000000780980000,0x00000007826c8010,0x0000000785500000)
  to   space 83968K, 0% used [0x000000077b100000,0x000000077b100000,0x0000000780300000)
 ParOldGen       total 479744K, used 193933K [0x00000006c1000000, 0x00000006de480000, 0x000000076b000000)
  object space 479744K, 40% used [0x00000006c1000000,0x00000006ccd635b8,0x00000006de480000)
 Metaspace       used 25662K, capacity 25866K, committed 26368K, reserved 1073152K
  class space    used 3140K, capacity 3209K, committed 3328K, reserved 1048576K
Event: 6729.753 GC heap after
Heap after GC invocations=499 (full 40):
 PSYoungGen      total 313344K, used 55673K [0x000000076b000000, 0x0000000784e80000, 0x00000007c0000000)
  eden space 257536K, 0% used [0x000000076b000000,0x000000076b000000,0x000000077ab80000)
  from space 55808K, 99% used [0x000000077b100000,0x000000077e75e530,0x000000077e780000)
  to   space 83456K, 0% used [0x000000077fd00000,0x000000077fd00000,0x0000000784e80000)
 ParOldGen       total 479744K, used 221997K [0x00000006c1000000, 0x00000006de480000, 0x000000076b000000)
  object space 479744K, 46% used [0x00000006c1000000,0x00000006ce8cb5b8,0x00000006de480000)
 Metaspace       used 25662K, capacity 25866K, committed 26368K, reserved 1073152K
  class space    used 3140K, capacity 3209K, committed 3328K, reserved 1048576K
}
Event: 6756.064 GC heap before
{Heap before GC invocations=500 (full 40):
 PSYoungGen      total 313344K, used 313209K [0x000000076b000000, 0x0000000784e80000, 0x00000007c0000000)
  eden space 257536K, 100% used [0x000000076b000000,0x000000077ab80000,0x000000077ab80000)
  from space 55808K, 99% used [0x000000077b100000,0x000000077e75e530,0x000000077e780000)
  to   space 83456K, 0% used [0x000000077fd00000,0x000000077fd00000,0x0000000784e80000)
 ParOldGen       total 479744K, used 221997K [0x00000006c1000000, 0x00000006de480000, 0x000000076b000000)
  object space 479744K, 46% used [0x00000006c1000000,0x00000006ce8cb5b8,0x00000006de480000)
 Metaspace       used 25662K, capacity 25866K, committed 26368K, reserved 1073152K
  class space    used 3140K, capacity 3209K, committed 3328K, reserved 1048576K
Event: 6756.091 GC heap after
Heap after GC invocations=500 (full 40):
 PSYoungGen      total 326656K, used 36448K [0x000000076b000000, 0x0000000784600000, 0x00000007c0000000)
  eden space 251904K, 0% used [0x000000076b000000,0x000000076b000000,0x000000077a600000)
  from space 74752K, 48% used [0x000000077fd00000,0x0000000782098010,0x0000000784600000)
  to   space 81920K, 0% used [0x000000077a600000,0x000000077a600000,0x000000077f600000)
 ParOldGen       total 479744K, used 238749K [0x00000006c1000000, 0x00000006de480000, 0x000000076b000000)
  object space 479744K, 49% used [0x00000006c1000000,0x00000006cf9275c8,0x00000006de480000)
 Metaspace       used 25662K, capacity 25866K, committed 26368K, reserved 1073152K
  class space    used 3140K, capacity 3209K, committed 3328K, reserved 1048576K
}
Event: 6765.665 GC heap before
{Heap before GC invocations=501 (full 40):
 PSYoungGen      total 326656K, used 288352K [0x000000076b000000, 0x0000000784600000, 0x00000007c0000000)
  eden space 251904K, 100% used [0x000000076b000000,0x000000077a600000,0x000000077a600000)
  from space 74752K, 48% used [0x000000077fd00000,0x0000000782098010,0x0000000784600000)
  to   space 81920K, 0% used [0x000000077a600000,0x000000077a600000,0x000000077f600000)
 ParOldGen       total 479744K, used 238749K [0x00000006c1000000, 0x00000006de480000, 0x000000076b000000)
  object space 479744K, 49% used [0x00000006c1000000,0x00000006cf9275c8,0x00000006de480000)
 Metaspace       used 25662K, capacity 25866K, committed 26368K, reserved 1073152K
  class space    used 3140K, capacity 3209K, committed 3328K, reserved 1048576K

